<?xml version="1.0" encoding="UTF-8"?>
<!-- Generated by org.testng.reporters.JUnitXMLReporter -->
<testsuite ignored="0" hostname="LAPTOP-3D0N5QCR" failures="1" tests="1" name="Admin Login With Valid Inputs" time="0.026" errors="0" timestamp="29 May 2024 06:28:17 GMT">
  <testcase classname="orangehrm.Testcases.AdminLoginTestwithValidData" name="checkAdminLogin" time="0.0">
    <failure type="org.testng.TestNGException" message="
Parameter &amp;apos;pwd&amp;apos; is required by @Test on method checkAdminLogin but has not been marked @Optional or defined
in D:\EclipseWork\TestNG_Orangehrm\orangehrm.xml">
      <![CDATA[org.testng.TestNGException: 
Parameter 'pwd' is required by @Test on method checkAdminLogin but has not been marked @Optional or defined
in D:\EclipseWork\TestNG_Orangehrm\orangehrm.xml
... Removed 24 stack frames]]>
    </failure>
  </testcase> <!-- checkAdminLogin -->
</testsuite> <!-- Admin Login With Valid Inputs -->
