<?xml version="1.0" encoding="UTF-8"?>
<testng-results ignored="0" total="1" passed="0" failed="1" skipped="0">
  <reporter-output>
  </reporter-output>
  <suite started-at="2024-05-29T09:47:03Z" name="Default suite" finished-at="2024-05-29T09:47:03Z" duration-ms="25">
    <groups>
    </groups>
    <test started-at="2024-05-29T09:47:03Z" name="Default test" finished-at="2024-05-29T09:47:03Z" duration-ms="25">
      <class name="orangehrm.Testcases.AdminLoginTestwithValidData">
        <test-method is-config="true" signature="launchApp()[pri:0, instance:orangehrm.Testcases.AdminLoginTestwithValidData@1bd39d3c]" started-at="2024-05-29T09:47:00Z" name="launchApp" finished-at="2024-05-29T09:47:03Z" duration-ms="2783" status="PASS">
          <reporter-output>
          </reporter-output>
        </test-method> <!-- launchApp -->
        <test-method signature="checkAdminLogin(java.lang.String, java.lang.String)[pri:0, instance:orangehrm.Testcases.AdminLoginTestwithValidData@1bd39d3c]" started-at="2024-05-29T09:47:03Z" name="checkAdminLogin" finished-at="2024-05-29T09:47:03Z" duration-ms="0" status="FAIL">
          <exception class="org.testng.TestNGException">
            <message>
              <![CDATA[
Parameter 'uid' is required by @Test on method checkAdminLogin but has not been marked @Optional or defined
in C:\Users\ACER\AppData\Local\Temp\testng-eclipse-1007124781\testng-customsuite.xml]]>
            </message>
            <full-stacktrace>
              <![CDATA[org.testng.TestNGException: 
Parameter 'uid' is required by @Test on method checkAdminLogin but has not been marked @Optional or defined
in C:\Users\ACER\AppData\Local\Temp\testng-eclipse-1007124781\testng-customsuite.xml
at org.testng.internal.Parameters.createParams(Parameters.java:290)
at org.testng.internal.Parameters.createParametersForMethod(Parameters.java:359)
at org.testng.internal.Parameters.createParameters(Parameters.java:620)
at org.testng.internal.Parameters.handleParameters(Parameters.java:769)
at org.testng.internal.ParameterHandler.handleParameters(ParameterHandler.java:49)
at org.testng.internal.ParameterHandler.createParameters(ParameterHandler.java:37)
at org.testng.internal.Invoker.invokeTestMethods(Invoker.java:924)
at org.testng.internal.TestMethodWorker.invokeTestMethods(TestMethodWorker.java:125)
at org.testng.internal.TestMethodWorker.run(TestMethodWorker.java:109)
at org.testng.TestRunner.privateRun(TestRunner.java:648)
at org.testng.TestRunner.run(TestRunner.java:505)
at org.testng.SuiteRunner.runTest(SuiteRunner.java:455)
at org.testng.SuiteRunner.runSequentially(SuiteRunner.java:450)
at org.testng.SuiteRunner.privateRun(SuiteRunner.java:415)
at org.testng.SuiteRunner.run(SuiteRunner.java:364)
at org.testng.SuiteRunnerWorker.runSuite(SuiteRunnerWorker.java:52)
at org.testng.SuiteRunnerWorker.run(SuiteRunnerWorker.java:84)
at org.testng.TestNG.runSuitesSequentially(TestNG.java:1208)
at org.testng.TestNG.runSuitesLocally(TestNG.java:1137)
at org.testng.TestNG.runSuites(TestNG.java:1049)
at org.testng.TestNG.run(TestNG.java:1017)
at org.testng.remote.AbstractRemoteTestNG.run(AbstractRemoteTestNG.java:115)
at org.testng.remote.RemoteTestNG.initAndRun(RemoteTestNG.java:293)
at org.testng.remote.RemoteTestNG.main(RemoteTestNG.java:91)
]]>
            </full-stacktrace>
          </exception> <!-- org.testng.TestNGException -->
          <reporter-output>
          </reporter-output>
        </test-method> <!-- checkAdminLogin -->
        <test-method is-config="true" signature="CloseApp()[pri:0, instance:orangehrm.Testcases.AdminLoginTestwithValidData@1bd39d3c]" started-at="2024-05-29T09:47:03Z" name="CloseApp" finished-at="2024-05-29T09:47:03Z" duration-ms="154" status="PASS">
          <reporter-output>
          </reporter-output>
        </test-method> <!-- CloseApp -->
      </class> <!-- orangehrm.Testcases.AdminLoginTestwithValidData -->
    </test> <!-- Default test -->
  </suite> <!-- Default suite -->
</testng-results>
